  Application.cpp
C:\Users\james\Documents\GitHub\Projects\Coding\Windows_Only\C_Family\Pong\Application.cpp(20,21): warning C4244: 'argument': conversion from 'const float' to 'int', possible loss of data
C:\Users\james\Documents\GitHub\Projects\Coding\Windows_Only\C_Family\Pong\Application.cpp(20,14): warning C4244: 'argument': conversion from 'const float' to 'int', possible loss of data
C:\Users\james\Documents\GitHub\Projects\Coding\Windows_Only\C_Family\Pong\Application.cpp(44,17): warning C4244: 'argument': conversion from 'float' to 'int', possible loss of data
C:\Users\james\Documents\GitHub\Projects\Coding\Windows_Only\C_Family\Pong\Application.cpp(44,14): warning C4244: 'argument': conversion from 'float' to 'int', possible loss of data
C:\Users\james\Documents\GitHub\Projects\Coding\Windows_Only\C_Family\Pong\Application.cpp(83,26): warning C4244: 'argument': conversion from 'float' to 'int', possible loss of data
C:\Users\james\Documents\GitHub\Projects\Coding\Windows_Only\C_Family\Pong\Application.cpp(83,23): warning C4244: 'argument': conversion from 'float' to 'int', possible loss of data
C:\Users\james\Documents\GitHub\Projects\Coding\Windows_Only\C_Family\Pong\Application.cpp(83,20): warning C4244: 'argument': conversion from 'float' to 'int', possible loss of data
C:\Users\james\Documents\GitHub\Projects\Coding\Windows_Only\C_Family\Pong\Application.cpp(83,17): warning C4244: 'argument': conversion from 'float' to 'int', possible loss of data
C:\Users\james\Documents\GitHub\Projects\Coding\Windows_Only\C_Family\Pong\Application.cpp(117,69): warning C4244: 'argument': conversion from 'float' to 'int', possible loss of data
C:\Users\james\Documents\GitHub\Projects\Coding\Windows_Only\C_Family\Pong\Application.cpp(117,50): warning C4244: 'argument': conversion from 'float' to 'int', possible loss of data
C:\Users\james\Documents\GitHub\Projects\Coding\Windows_Only\C_Family\Pong\Application.cpp(118,58): warning C4244: 'argument': conversion from 'const float' to 'int', possible loss of data
C:\Users\james\Documents\GitHub\Projects\Coding\Windows_Only\C_Family\Pong\Application.cpp(118,47): warning C4244: 'argument': conversion from 'float' to 'int', possible loss of data
C:\Users\james\Documents\GitHub\Projects\Coding\Windows_Only\C_Family\Pong\Application.cpp(118,26): warning C4244: 'argument': conversion from 'float' to 'int', possible loss of data
C:\Users\james\Documents\GitHub\Projects\Coding\Windows_Only\C_Family\Pong\Application.cpp(168,53): warning C4244: 'argument': conversion from 'const float' to 'int', possible loss of data
C:\Users\james\Documents\GitHub\Projects\Coding\Windows_Only\C_Family\Pong\Application.cpp(168,43): warning C4244: 'argument': conversion from 'float' to 'int', possible loss of data
C:\Users\james\Documents\GitHub\Projects\Coding\Windows_Only\C_Family\Pong\Application.cpp(168,24): warning C4244: 'argument': conversion from 'float' to 'int', possible loss of data
LINK : warning LNK4098: defaultlib 'MSVCRTD' conflicts with use of other libs; use /NODEFAULTLIB:library
  Generating code
  1 of 18 functions ( 5.6%) were compiled, the rest were copied from previous compilation.
    0 functions were new in current compilation
    0 functions had inline decision re-evaluated but remain unchanged
  Finished generating code
raylib.lib(rshapes.c.obj) : warning LNK4099: PDB '' was not found with 'raylib.lib(rshapes.c.obj)' or at ''; linking object as if no debug info
raylib.lib(rcore.c.obj) : warning LNK4099: PDB '' was not found with 'raylib.lib(rcore.c.obj)' or at ''; linking object as if no debug info
raylib.lib(rtext.c.obj) : warning LNK4099: PDB '' was not found with 'raylib.lib(rtext.c.obj)' or at ''; linking object as if no debug info
raylib.lib(utils.c.obj) : warning LNK4099: PDB '' was not found with 'raylib.lib(utils.c.obj)' or at ''; linking object as if no debug info
raylib.lib(rtextures.c.obj) : warning LNK4099: PDB '' was not found with 'raylib.lib(rtextures.c.obj)' or at ''; linking object as if no debug info
raylib.lib(init.c.obj) : warning LNK4099: PDB '' was not found with 'raylib.lib(init.c.obj)' or at ''; linking object as if no debug info
raylib.lib(monitor.c.obj) : warning LNK4099: PDB '' was not found with 'raylib.lib(monitor.c.obj)' or at ''; linking object as if no debug info
raylib.lib(window.c.obj) : warning LNK4099: PDB '' was not found with 'raylib.lib(window.c.obj)' or at ''; linking object as if no debug info
raylib.lib(input.c.obj) : warning LNK4099: PDB '' was not found with 'raylib.lib(input.c.obj)' or at ''; linking object as if no debug info
raylib.lib(context.c.obj) : warning LNK4099: PDB '' was not found with 'raylib.lib(context.c.obj)' or at ''; linking object as if no debug info
raylib.lib(win32_window.c.obj) : warning LNK4099: PDB '' was not found with 'raylib.lib(win32_window.c.obj)' or at ''; linking object as if no debug info
raylib.lib(win32_time.c.obj) : warning LNK4099: PDB '' was not found with 'raylib.lib(win32_time.c.obj)' or at ''; linking object as if no debug info
raylib.lib(win32_thread.c.obj) : warning LNK4099: PDB '' was not found with 'raylib.lib(win32_thread.c.obj)' or at ''; linking object as if no debug info
raylib.lib(platform.c.obj) : warning LNK4099: PDB '' was not found with 'raylib.lib(platform.c.obj)' or at ''; linking object as if no debug info
raylib.lib(vulkan.c.obj) : warning LNK4099: PDB '' was not found with 'raylib.lib(vulkan.c.obj)' or at ''; linking object as if no debug info
raylib.lib(win32_init.c.obj) : warning LNK4099: PDB '' was not found with 'raylib.lib(win32_init.c.obj)' or at ''; linking object as if no debug info
raylib.lib(win32_monitor.c.obj) : warning LNK4099: PDB '' was not found with 'raylib.lib(win32_monitor.c.obj)' or at ''; linking object as if no debug info
raylib.lib(wgl_context.c.obj) : warning LNK4099: PDB '' was not found with 'raylib.lib(wgl_context.c.obj)' or at ''; linking object as if no debug info
raylib.lib(egl_context.c.obj) : warning LNK4099: PDB '' was not found with 'raylib.lib(egl_context.c.obj)' or at ''; linking object as if no debug info
raylib.lib(osmesa_context.c.obj) : warning LNK4099: PDB '' was not found with 'raylib.lib(osmesa_context.c.obj)' or at ''; linking object as if no debug info
raylib.lib(win32_module.c.obj) : warning LNK4099: PDB '' was not found with 'raylib.lib(win32_module.c.obj)' or at ''; linking object as if no debug info
raylib.lib(win32_joystick.c.obj) : warning LNK4099: PDB '' was not found with 'raylib.lib(win32_joystick.c.obj)' or at ''; linking object as if no debug info
  RaylibPractice.vcxproj -> C:\Users\james\Documents\GitHub\Projects\Coding\Windows_Only\C_Family\Pong\x64\Release\Pong.exe
