  application.cpp
LINK : warning LNK4098: defaultlib 'MSVCRTD' conflicts with use of other libs; use /NODEFAULTLIB:library
  Generating code
  1 of 2 functions (50.0%) were compiled, the rest were copied from previous compilation.
    0 functions were new in current compilation
    0 functions had inline decision re-evaluated but remain unchanged
  Finished generating code
raylib.lib(raudio.c.obj) : warning LNK4099: PDB '' was not found with 'raylib.lib(raudio.c.obj)' or at ''; linking object as if no debug info
raylib.lib(rcore.c.obj) : warning LNK4099: PDB '' was not found with 'raylib.lib(rcore.c.obj)' or at ''; linking object as if no debug info
raylib.lib(rshapes.c.obj) : warning LNK4099: PDB '' was not found with 'raylib.lib(rshapes.c.obj)' or at ''; linking object as if no debug info
raylib.lib(rtext.c.obj) : warning LNK4099: PDB '' was not found with 'raylib.lib(rtext.c.obj)' or at ''; linking object as if no debug info
raylib.lib(utils.c.obj) : warning LNK4099: PDB '' was not found with 'raylib.lib(utils.c.obj)' or at ''; linking object as if no debug info
raylib.lib(rtextures.c.obj) : warning LNK4099: PDB '' was not found with 'raylib.lib(rtextures.c.obj)' or at ''; linking object as if no debug info
raylib.lib(init.c.obj) : warning LNK4099: PDB '' was not found with 'raylib.lib(init.c.obj)' or at ''; linking object as if no debug info
raylib.lib(monitor.c.obj) : warning LNK4099: PDB '' was not found with 'raylib.lib(monitor.c.obj)' or at ''; linking object as if no debug info
raylib.lib(window.c.obj) : warning LNK4099: PDB '' was not found with 'raylib.lib(window.c.obj)' or at ''; linking object as if no debug info
raylib.lib(input.c.obj) : warning LNK4099: PDB '' was not found with 'raylib.lib(input.c.obj)' or at ''; linking object as if no debug info
raylib.lib(context.c.obj) : warning LNK4099: PDB '' was not found with 'raylib.lib(context.c.obj)' or at ''; linking object as if no debug info
raylib.lib(win32_window.c.obj) : warning LNK4099: PDB '' was not found with 'raylib.lib(win32_window.c.obj)' or at ''; linking object as if no debug info
raylib.lib(win32_time.c.obj) : warning LNK4099: PDB '' was not found with 'raylib.lib(win32_time.c.obj)' or at ''; linking object as if no debug info
raylib.lib(win32_thread.c.obj) : warning LNK4099: PDB '' was not found with 'raylib.lib(win32_thread.c.obj)' or at ''; linking object as if no debug info
raylib.lib(platform.c.obj) : warning LNK4099: PDB '' was not found with 'raylib.lib(platform.c.obj)' or at ''; linking object as if no debug info
raylib.lib(vulkan.c.obj) : warning LNK4099: PDB '' was not found with 'raylib.lib(vulkan.c.obj)' or at ''; linking object as if no debug info
raylib.lib(win32_init.c.obj) : warning LNK4099: PDB '' was not found with 'raylib.lib(win32_init.c.obj)' or at ''; linking object as if no debug info
raylib.lib(win32_monitor.c.obj) : warning LNK4099: PDB '' was not found with 'raylib.lib(win32_monitor.c.obj)' or at ''; linking object as if no debug info
raylib.lib(wgl_context.c.obj) : warning LNK4099: PDB '' was not found with 'raylib.lib(wgl_context.c.obj)' or at ''; linking object as if no debug info
raylib.lib(egl_context.c.obj) : warning LNK4099: PDB '' was not found with 'raylib.lib(egl_context.c.obj)' or at ''; linking object as if no debug info
raylib.lib(osmesa_context.c.obj) : warning LNK4099: PDB '' was not found with 'raylib.lib(osmesa_context.c.obj)' or at ''; linking object as if no debug info
raylib.lib(win32_module.c.obj) : warning LNK4099: PDB '' was not found with 'raylib.lib(win32_module.c.obj)' or at ''; linking object as if no debug info
raylib.lib(win32_joystick.c.obj) : warning LNK4099: PDB '' was not found with 'raylib.lib(win32_joystick.c.obj)' or at ''; linking object as if no debug info
  HeadsOrTails.vcxproj -> C:\Users\james\Documents\GitHub\Projects\Coding\Windows_Only\C_Family\HeadsOrTails\x64\Release\HeadsOrTails.exe
